#
# A fatal error has been detected by the Java Runtime Environment:
#
#  SIGBUS (0xa) at pc=0x00000001061a2ba0, pid=2857, tid=0x0000000000005403
#
# JRE version: Java(TM) SE Runtime Environment (8.0_92-b14) (build 1.8.0_92-b14)
# Java VM: Java HotSpot(TM) 64-Bit Server VM (25.92-b14 mixed mode bsd-amd64 compressed oops)
# Problematic frame:
# J 3015 C2 com.android.dx.ssa.LocalVariableExtractor.processBlock(I)V (383 bytes) @ 0x00000001061a2ba0 [0x00000001061a2860+0x340]
#
# Failed to write core dump. Core dumps have been disabled. To enable core dumping, try "ulimit -c unlimited" before starting Java again
#
# If you would like to submit a bug report, please visit:
#   http://bugreport.java.com/bugreport/crash.jsp
#

---------------  T H R E A D  ---------------

Current thread (0x00007f905206f800):  JavaThread "pool-1-thread-4" [_thread_in_Java, id=21507, stack(0x000000011b928000,0x000000011ba28000)]

siginfo: si_signo: 10 (SIGBUS), si_code: 2 (BUS_ADRERR), si_addr: 0x000000078adf9204

Registers:
RAX=0x000000078129e128, RBX=0x00000007ada40fb0, RCX=0x00000000f5b4800a, RDX=0x0000000000000000
RSP=0x000000011ba26f00, RBP=0x00000000f5b481f6, RSI=0x00000007ada40888, RDI=0x0000000000000000
R8 =0x0000000000000000, R9 =0x00000000f15bf23f, R10=0x0000000000000002, R11=0x00000000f800ff70
R12=0x0000000000000000, R13=0x0000000000000000, R14=0x0000000000000029, R15=0x00007f905206f800
RIP=0x00000001061a2ba0, EFLAGS=0x0000000000010246, ERR=0x0000000000000004
  TRAPNO=0x000000000000000e

Top of Stack: (sp=0x000000011ba26f00)
0x000000011ba26f00:   f5b4800a00000000 00000007aef7dac0
0x000000011ba26f10:   00000007ada40008 0000000100000002
0x000000011ba26f20:   00000007ada40050 00001ad9f5dbdf87
0x000000011ba26f30:   00000030f5def0cf 00000007aef7d9d8
0x000000011ba26f40:   00000007aedefc18 00000007c0080b68
0x000000011ba26f50:   00001ad9f5b47f0b 0000000700000030
0x000000011ba26f60:   00000030f5defb21 0000000000000030
0x000000011ba26f70:   00000000000000bc 00000007abb53d28
0x000000011ba26f80:   00000007abb3f960 0000000000000001
0x000000011ba26f90:   00007f905206f800 0000000000000030
0x000000011ba26fa0:   0000000000000000 0000000000000000
0x000000011ba26fb0:   0000000000000037 00000007aedf84d0
0x000000011ba26fc0:   0000000000000088 000000000000004d
0x000000011ba26fd0:   0000000000000000 0000000117c33e98
0x000000011ba26fe0:   000000011ba27010 0000002d00000030
0x000000011ba26ff0:   00000007aedf84b8 0000000000000000
0x000000011ba27000:   0000000000001380 00000000000013b7
0x000000011ba27010:   000000011ba27318 0000000106014074
0x000000011ba27020:   000000000000002c 0000000117c33e98
0x000000011ba27030:   00000007aae38d28 00000007aedefc38
0x000000011ba27040:   00000007aedefc18 00000001111c0000
0x000000011ba27050:   00000007aedefc18 0000000700001d44
0x000000011ba27060:   000000078027af68 000000000000002c
0x000000011ba27070:   000000011ba27318 0000000105f814ec
0x000000011ba27080:   000000011ba27318 0000000105e14956
0x000000011ba27090:   000000011ba27118 000000078027af68
0x000000011ba270a0:   00000007aae389e0 00000007b9e823e0
0x000000011ba270b0:   000000011ba27318 0000000105b110ac
0x000000011ba270c0:   0000000000005b22 00000007aae38b68
0x000000011ba270d0:   0000000782236928 0000000100000002
0x000000011ba270e0:   00000007b9a94188 00000000000035bc
0x000000011ba270f0:   00000007aae38af8 00000007aae38920 

Instructions: (pc=0x00000001061a2ba0)
0x00000001061a2b80:   ec 43 8b 6c 83 10 45 8b 5c ec 08 41 81 fb 70 ff
0x00000001061a2b90:   00 f8 0f 85 f5 34 00 00 49 8d 1c ec 44 8b 4b 14
0x00000001061a2ba0:   47 8b 5c cc 0c 43 8b 6c dc 0c 83 fd 36 0f 84 6e
0x00000001061a2bb0:   22 00 00 44 8b 4b 10 45 85 c9 74 0b 47 3b 64 cc 

Register to memory mapping:

RAX=0x000000078129e128 is an oop
com.android.dx.rop.type.StdTypeList 
 - klass: 'com/android/dx/rop/type/StdTypeList'
RBX=0x00000007ada40fb0 is an oop
com.android.dx.ssa.NormalSsaInsn 
 - klass: 'com/android/dx/ssa/NormalSsaInsn'
RCX=0x00000000f5b4800a is an unknown value
RDX=0x0000000000000000 is an unknown value
RSP=0x000000011ba26f00 is pointing into the stack for thread: 0x00007f905206f800
RBP=0x00000000f5b481f6 is an unknown value
RSI=0x00000007ada40888 is an oop
com.android.dx.rop.code.PlainInsn 
 - klass: 'com/android/dx/rop/code/PlainInsn'
RDI=0x0000000000000000 is an unknown value
R8 =0x0000000000000000 is an unknown value
R9 =0x00000000f15bf23f is an unknown value
R10=0x0000000000000002 is an unknown value
R11=0x00000000f800ff70 is an unknown value
R12=0x0000000000000000 is an unknown value
R13=0x0000000000000000 is an unknown value
R14=0x0000000000000029 is an unknown value
R15=0x00007f905206f800 is a thread


Stack: [0x000000011b928000,0x000000011ba28000],  sp=0x000000011ba26f00,  free space=1019k
Native frames: (J=compiled Java code, j=interpreted, Vv=VM code, C=native code)
J 3015 C2 com.android.dx.ssa.LocalVariableExtractor.processBlock(I)V (383 bytes) @ 0x00000001061a2ba0 [0x00000001061a2860+0x340]
J 2660 C1 com.android.dx.ssa.LocalVariableExtractor.doit()Lcom/android/dx/ssa/LocalVariableInfo; (59 bytes) @ 0x0000000106014074 [0x0000000106013e40+0x234]
J 2449 C1 com.android.dx.ssa.SsaConverter.convertToSsaMethod(Lcom/android/dx/rop/code/RopMethod;IZ)Lcom/android/dx/ssa/SsaMethod; (41 bytes) @ 0x0000000105f814ec [0x0000000105f81380+0x16c]
J 2873 C1 com.android.dx.ssa.Optimizer.optimize(Lcom/android/dx/rop/code/RopMethod;IZZLcom/android/dx/rop/code/TranslationAdvice;Ljava/util/EnumSet;)Lcom/android/dx/rop/code/RopMethod; (67 bytes) @ 0x00000001060bd1a4 [0x00000001060bd100+0xa4]
J 2864 C1 com.android.dx.ssa.Optimizer.optimize(Lcom/android/dx/rop/code/RopMethod;IZZLcom/android/dx/rop/code/TranslationAdvice;)Lcom/android/dx/rop/code/RopMethod; (16 bytes) @ 0x00000001060b8b44 [0x00000001060b8aa0+0xa4]
j  com.android.dx.dex.cf.CfTranslator.processMethods(Lcom/android/dx/cf/direct/DirectClassFile;Lcom/android/dx/dex/cf/CfOptions;Lcom/android/dx/dex/DexOptions;Lcom/android/dx/dex/file/ClassDefItem;Lcom/android/dx/dex/file/DexFile;)V+265
J 2655 C1 com.android.dx.dex.cf.CfTranslator.translate0(Lcom/android/dx/cf/direct/DirectClassFile;[BLcom/android/dx/dex/cf/CfOptions;Lcom/android/dx/dex/DexOptions;Lcom/android/dx/dex/file/DexFile;)Lcom/android/dx/dex/file/ClassDefItem; (259 bytes) @ 0x0000000106005e8c [0x0000000106005ac0+0x3cc]
j  com.android.dx.dex.cf.CfTranslator.translate(Lcom/android/dx/cf/direct/DirectClassFile;[BLcom/android/dx/dex/cf/CfOptions;Lcom/android/dx/dex/DexOptions;Lcom/android/dx/dex/file/DexFile;)Lcom/android/dx/dex/file/ClassDefItem;+6
j  com.android.dx.command.dexer.Main.translateClass([BLcom/android/dx/cf/direct/DirectClassFile;)Lcom/android/dx/dex/file/ClassDefItem;+17
j  com.android.dx.command.dexer.Main.access$2700([BLcom/android/dx/cf/direct/DirectClassFile;)Lcom/android/dx/dex/file/ClassDefItem;+2
j  com.android.dx.command.dexer.Main$ClassTranslatorTask.call()Lcom/android/dx/dex/file/ClassDefItem;+8
j  com.android.dx.command.dexer.Main$ClassTranslatorTask.call()Ljava/lang/Object;+1
J 2931 C1 java.util.concurrent.FutureTask.run()V (126 bytes) @ 0x00000001060d0d2c [0x00000001060d0c40+0xec]
j  java.util.concurrent.ThreadPoolExecutor.runWorker(Ljava/util/concurrent/ThreadPoolExecutor$Worker;)V+95
j  java.util.concurrent.ThreadPoolExecutor$Worker.run()V+5
j  java.lang.Thread.run()V+11
v  ~StubRoutines::call_stub
V  [libjvm.dylib+0x2ecc9a]
V  [libjvm.dylib+0x2ed428]
V  [libjvm.dylib+0x2ed5d4]
V  [libjvm.dylib+0x347dbd]
V  [libjvm.dylib+0x564c57]
V  [libjvm.dylib+0x566344]
V  [libjvm.dylib+0x485bbe]
C  [libsystem_pthread.dylib+0x405a]  _pthread_body+0x83
C  [libsystem_pthread.dylib+0x3fd7]  _pthread_body+0x0
C  [libsystem_pthread.dylib+0x13ed]  thread_start+0xd
C  0x0000000000000000


---------------  P R O C E S S  ---------------

Java Threads: ( => current thread )
=>0x00007f905206f800 JavaThread "pool-1-thread-4" [_thread_in_Java, id=21507, stack(0x000000011b928000,0x000000011ba28000)]
  0x00007f905390c000 JavaThread "pool-1-thread-3" [_thread_in_Java, id=20995, stack(0x000000011b825000,0x000000011b925000)]
  0x00007f90528ae800 JavaThread "pool-1-thread-2" [_thread_in_Java, id=20483, stack(0x000000011b722000,0x000000011b822000)]
  0x00007f905289d000 JavaThread "pool-2-thread-1" [_thread_blocked, id=19971, stack(0x000000011b61f000,0x000000011b71f000)]
  0x00007f90520f2000 JavaThread "pool-1-thread-1" [_thread_in_Java, id=19459, stack(0x000000011b51c000,0x000000011b61c000)]
  0x00007f9053031000 JavaThread "Service Thread" daemon [_thread_blocked, id=18435, stack(0x000000011b219000,0x000000011b319000)]
  0x00007f9053030000 JavaThread "C1 CompilerThread2" daemon [_thread_blocked, id=17923, stack(0x000000011b116000,0x000000011b216000)]
  0x00007f905381b000 JavaThread "C2 CompilerThread1" daemon [_thread_in_native, id=17411, stack(0x000000011b013000,0x000000011b113000)]
  0x00007f9052020800 JavaThread "C2 CompilerThread0" daemon [_thread_in_native, id=16899, stack(0x000000011af10000,0x000000011b010000)]
  0x00007f905201f800 JavaThread "Signal Dispatcher" daemon [_thread_blocked, id=16411, stack(0x000000011ae0d000,0x000000011af0d000)]
  0x00007f9052814800 JavaThread "Finalizer" daemon [_thread_blocked, id=12035, stack(0x00000001193f8000,0x00000001194f8000)]
  0x00007f9053804000 JavaThread "Reference Handler" daemon [_thread_blocked, id=11523, stack(0x00000001192f5000,0x00000001193f5000)]
  0x00007f9053002800 JavaThread "main" [_thread_in_Java, id=5379, stack(0x0000000105088000,0x0000000105188000)]

Other Threads:
  0x00007f905302d800 VMThread [stack: 0x00000001191f2000,0x00000001192f2000] [id=11011]
  0x00007f9053001000 WatcherThread [stack: 0x000000011b31c000,0x000000011b41c000] [id=18947]

VM state:not at safepoint (normal execution)

VM Mutex/Monitor currently owned by a thread: None

Heap:
 PSYoungGen      total 252416K, used 115041K [0x00000007aab00000, 0x00000007bd980000, 0x00000007c0000000)
  eden space 211456K, 35% used [0x00000007aab00000,0x00000007af35b2f8,0x00000007b7980000)
  from space 40960K, 99% used [0x00000007b9980000,0x00000007bc17d190,0x00000007bc180000)
  to   space 24576K, 0% used [0x00000007bc180000,0x00000007bc180000,0x00000007bd980000)
 ParOldGen       total 138240K, used 66522K [0x0000000780000000, 0x0000000788700000, 0x00000007aab00000)
  object space 138240K, 48% used [0x0000000780000000,0x00000007840f69b0,0x0000000788700000)
 Metaspace       used 6412K, capacity 7192K, committed 7424K, reserved 1056768K
  class space    used 615K, capacity 656K, committed 768K, reserved 1048576K

Card table byte_map: [0x0000000114dc0000,0x0000000114fc1000] byte_map_base: 0x00000001111c0000

Marking Bits: (ParMarkBitMap*) 0x00000001049c1bd0
 Begin Bits: [0x0000000115523000, 0x0000000116523000)
 End Bits:   [0x0000000116523000, 0x0000000117523000)

Polling page: 0x00000001051cd000

CodeCache: size=245760Kb used=7943Kb max_used=7943Kb free=237816Kb
 bounds [0x0000000105a00000, 0x00000001061d0000, 0x0000000114a00000]
 total_blobs=2334 nmethods=2065 adapters=182
 compilation: enabled

Compilation events (10 events):
Event: 45.050 Thread 0x00007f9053030000 3209       2       java.util.HashMap$TreeNode::<init> (10 bytes)
Event: 45.050 Thread 0x00007f9053030000 nmethod 3209 0x00000001061c35d0 code [0x00000001061c3720, 0x00000001061c38d0]
Event: 45.585 Thread 0x00007f9053030000 3214       2       com.android.dx.ssa.back.FirstFitLocalCombiningAllocator::ssaSetToSpecs (57 bytes)
Event: 45.598 Thread 0x00007f9053030000 nmethod 3214 0x00000001061c3950 code [0x00000001061c3b60, 0x00000001061c41e8]
Event: 45.598 Thread 0x00007f9053030000 3213       2       com.android.dx.ssa.back.FirstFitLocalCombiningAllocator::fitPlanForRange (250 bytes)
Event: 45.606 Thread 0x00007f9053030000 nmethod 3213 0x00000001061c4a10 code [0x00000001061c4ca0, 0x00000001061c5808]
Event: 45.861 Thread 0x00007f9053030000 3217       2       com.android.dx.rop.code.RegisterSpecSet::localItemToSpec (49 bytes)
Event: 45.872 Thread 0x00007f9053030000 nmethod 3217 0x00000001061c6910 code [0x00000001061c6aa0, 0x00000001061c6da8]
Event: 45.872 Thread 0x00007f9053030000 3216       2       com.android.dx.rop.code.RegisterSpec::withSimpleType (59 bytes)
Event: 45.873 Thread 0x00007f9053030000 nmethod 3216 0x00000001061c6fd0 code [0x00000001061c7160, 0x00000001061c7408]

GC Heap History (10 events):
Event: 20.208 GC heap before
{Heap before GC invocations=6 (full 0):
 PSYoungGen      total 71680K, used 71674K [0x00000007aab00000, 0x00000007b6400000, 0x00000007c0000000)
  eden space 66560K, 100% used [0x00000007aab00000,0x00000007aec00000,0x00000007aec00000)
  from space 5120K, 99% used [0x00000007aec00000,0x00000007af0fea98,0x00000007af100000)
  to   space 28160K, 0% used [0x00000007b4880000,0x00000007b4880000,0x00000007b6400000)
 ParOldGen       total 87552K, used 52811K [0x0000000780000000, 0x0000000785580000, 0x00000007aab00000)
  object space 87552K, 60% used [0x0000000780000000,0x0000000783392e48,0x0000000785580000)
 Metaspace       used 6082K, capacity 7000K, committed 7168K, reserved 1056768K
  class space    used 613K, capacity 656K, committed 768K, reserved 1048576K
Event: 20.697 GC heap after
Heap after GC invocations=6 (full 0):
 PSYoungGen      total 158720K, used 24001K [0x00000007aab00000, 0x00000007b6900000, 0x00000007c0000000)
  eden space 130560K, 0% used [0x00000007aab00000,0x00000007aab00000,0x00000007b2a80000)
  from space 28160K, 85% used [0x00000007b4880000,0x00000007b5ff0620,0x00000007b6400000)
  to   space 30720K, 0% used [0x00000007b2a80000,0x00000007b2a80000,0x00000007b4880000)
 ParOldGen       total 87552K, used 52811K [0x0000000780000000, 0x0000000785580000, 0x00000007aab00000)
  object space 87552K, 60% used [0x0000000780000000,0x0000000783392e48,0x0000000785580000)
 Metaspace       used 6082K, capacity 7000K, committed 7168K, reserved 1056768K
  class space    used 613K, capacity 656K, committed 768K, reserved 1048576K
}
Event: 25.200 GC heap before
{Heap before GC invocations=7 (full 0):
 PSYoungGen      total 158720K, used 154561K [0x00000007aab00000, 0x00000007b6900000, 0x00000007c0000000)
  eden space 130560K, 100% used [0x00000007aab00000,0x00000007b2a80000,0x00000007b2a80000)
  from space 28160K, 85% used [0x00000007b4880000,0x00000007b5ff0620,0x00000007b6400000)
  to   space 30720K, 0% used [0x00000007b2a80000,0x00000007b2a80000,0x00000007b4880000)
 ParOldGen       total 87552K, used 52811K [0x0000000780000000, 0x0000000785580000, 0x00000007aab00000)
  object space 87552K, 60% used [0x0000000780000000,0x0000000783392e48,0x0000000785580000)
 Metaspace       used 6202K, capacity 7128K, committed 7424K, reserved 1056768K
  class space    used 614K, capacity 656K, committed 768K, reserved 1048576K
Event: 25.925 GC heap after
Heap after GC invocations=7 (full 0):
 PSYoungGen      total 161280K, used 30692K [0x00000007aab00000, 0x00000007bff00000, 0x00000007c0000000)
  eden space 130560K, 0% used [0x00000007aab00000,0x00000007aab00000,0x00000007b2a80000)
  from space 30720K, 99% used [0x00000007b2a80000,0x00000007b4879020,0x00000007b4880000)
  to   space 43520K, 0% used [0x00000007bd480000,0x00000007bd480000,0x00000007bff00000)
 ParOldGen       total 87552K, used 68252K [0x0000000780000000, 0x0000000785580000, 0x00000007aab00000)
  object space 87552K, 77% used [0x0000000780000000,0x00000007842a70a0,0x0000000785580000)
 Metaspace       used 6202K, capacity 7128K, committed 7424K, reserved 1056768K
  class space    used 614K, capacity 656K, committed 768K, reserved 1048576K
}
Event: 25.925 GC heap before
{Heap before GC invocations=8 (full 1):
 PSYoungGen      total 161280K, used 30692K [0x00000007aab00000, 0x00000007bff00000, 0x00000007c0000000)
  eden space 130560K, 0% used [0x00000007aab00000,0x00000007aab00000,0x00000007b2a80000)
  from space 30720K, 99% used [0x00000007b2a80000,0x00000007b4879020,0x00000007b4880000)
  to   space 43520K, 0% used [0x00000007bd480000,0x00000007bd480000,0x00000007bff00000)
 ParOldGen       total 87552K, used 68252K [0x0000000780000000, 0x0000000785580000, 0x00000007aab00000)
  object space 87552K, 77% used [0x0000000780000000,0x00000007842a70a0,0x0000000785580000)
 Metaspace       used 6202K, capacity 7128K, committed 7424K, reserved 1056768K
  class space    used 614K, capacity 656K, committed 768K, reserved 1048576K
Event: 30.257 GC heap after
Heap after GC invocations=8 (full 1):
 PSYoungGen      total 161280K, used 0K [0x00000007aab00000, 0x00000007bff00000, 0x00000007c0000000)
  eden space 130560K, 0% used [0x00000007aab00000,0x00000007aab00000,0x00000007b2a80000)
  from space 30720K, 0% used [0x00000007b2a80000,0x00000007b2a80000,0x00000007b4880000)
  to   space 43520K, 0% used [0x00000007bd480000,0x00000007bd480000,0x00000007bff00000)
 ParOldGen       total 138240K, used 61115K [0x0000000780000000, 0x0000000788700000, 0x00000007aab00000)
  object space 138240K, 44% used [0x0000000780000000,0x0000000783baed50,0x0000000788700000)
 Metaspace       used 6202K, capacity 7128K, committed 7424K, reserved 1056768K
  class space    used 614K, capacity 656K, committed 768K, reserved 1048576K
}
Event: 34.177 GC heap before
{Heap before GC invocations=9 (full 1):
 PSYoungGen      total 161280K, used 130560K [0x00000007aab00000, 0x00000007bff00000, 0x00000007c0000000)
  eden space 130560K, 100% used [0x00000007aab00000,0x00000007b2a80000,0x00000007b2a80000)
  from space 30720K, 0% used [0x00000007b2a80000,0x00000007b2a80000,0x00000007b4880000)
  to   space 43520K, 0% used [0x00000007bd480000,0x00000007bd480000,0x00000007bff00000)
 ParOldGen       total 138240K, used 61115K [0x0000000780000000, 0x0000000788700000, 0x00000007aab00000)
  object space 138240K, 44% used [0x0000000780000000,0x0000000783baed50,0x0000000788700000)
 Metaspace       used 6307K, capacity 7192K, committed 7424K, reserved 1056768K
  class space    used 614K, capacity 656K, committed 768K, reserved 1048576K
Event: 34.334 GC heap after
Heap after GC invocations=9 (full 1):
 PSYoungGen      total 195584K, used 21170K [0x00000007aab00000, 0x00000007be980000, 0x00000007c0000000)
  eden space 174080K, 0% used [0x00000007aab00000,0x00000007aab00000,0x00000007b5500000)
  from space 21504K, 98% used [0x00000007bd480000,0x00000007be92cac8,0x00000007be980000)
  to   space 40960K, 0% used [0x00000007b9980000,0x00000007b9980000,0x00000007bc180000)
 ParOldGen       total 138240K, used 61123K [0x0000000780000000, 0x0000000788700000, 0x00000007aab00000)
  object space 138240K, 44% used [0x0000000780000000,0x0000000783bb0d50,0x0000000788700000)
 Metaspace       used 6307K, capacity 7192K, committed 7424K, reserved 1056768K
  class space    used 614K, capacity 656K, committed 768K, reserved 1048576K
}
Event: 43.422 GC heap before
{Heap before GC invocations=10 (full 1):
 PSYoungGen      total 195584K, used 195250K [0x00000007aab00000, 0x00000007be980000, 0x00000007c0000000)
  eden space 174080K, 100% used [0x00000007aab00000,0x00000007b5500000,0x00000007b5500000)
  from space 21504K, 98% used [0x00000007bd480000,0x00000007be92cac8,0x00000007be980000)
  to   space 40960K, 0% used [0x00000007b9980000,0x00000007b9980000,0x00000007bc180000)
 ParOldGen       total 138240K, used 61123K [0x0000000780000000, 0x0000000788700000, 0x00000007aab00000)
  object space 138240K, 44% used [0x0000000780000000,0x0000000783bb0d50,0x0000000788700000)
 Metaspace       used 6402K, capacity 7192K, committed 7424K, reserved 1056768K
  class space    used 615K, capacity 656K, committed 768K, reserved 1048576K
Event: 44.452 GC heap after
Heap after GC invocations=10 (full 1):
 PSYoungGen      total 252416K, used 40948K [0x00000007aab00000, 0x00000007bd980000, 0x00000007c0000000)
  eden space 211456K, 0% used [0x00000007aab00000,0x00000007aab00000,0x00000007b7980000)
  from space 40960K, 99% used [0x00000007b9980000,0x00000007bc17d190,0x00000007bc180000)
  to   space 24576K, 0% used [0x00000007bc180000,0x00000007bc180000,0x00000007bd980000)
 ParOldGen       total 138240K, used 66522K [0x0000000780000000, 0x0000000788700000, 0x00000007aab00000)
  object space 138240K, 48% used [0x0000000780000000,0x00000007840f69b0,0x0000000788700000)
 Metaspace       used 6402K, capacity 7192K, committed 7424K, reserved 1056768K
  class space    used 615K, capacity 656K, committed 768K, reserved 1048576K
}

Deoptimization events (10 events):
Event: 24.584 Thread 0x00007f9053002800 Uncommon trap: reason=bimorphic action=maybe_recompile pc=0x000000010603a864 method=com.android.dx.cf.code.BytecodeArray.parseInstruction(ILcom/android/dx/cf/code/BytecodeArray$Visitor;)I @ 2281
Event: 24.584 Thread 0x00007f9053002800 Uncommon trap: reason=bimorphic action=maybe_recompile pc=0x000000010603a864 method=com.android.dx.cf.code.BytecodeArray.parseInstruction(ILcom/android/dx/cf/code/BytecodeArray$Visitor;)I @ 2281
Event: 32.780 Thread 0x00007f905390c000 Uncommon trap: reason=class_check action=maybe_recompile pc=0x00000001060ec010 method=com.android.dx.ssa.back.InterferenceGraph.add(II)V @ 19
Event: 32.782 Thread 0x00007f905390c000 Uncommon trap: reason=class_check action=maybe_recompile pc=0x00000001060ec010 method=com.android.dx.ssa.back.InterferenceGraph.add(II)V @ 19
Event: 32.784 Thread 0x00007f905390c000 Uncommon trap: reason=class_check action=maybe_recompile pc=0x00000001060ec010 method=com.android.dx.ssa.back.InterferenceGraph.add(II)V @ 19
Event: 32.785 Thread 0x00007f905390c000 Uncommon trap: reason=class_check action=maybe_recompile pc=0x00000001060ec010 method=com.android.dx.ssa.back.InterferenceGraph.add(II)V @ 19
Event: 39.171 Thread 0x00007f90520f2000 Uncommon trap: reason=class_check action=maybe_recompile pc=0x0000000106134aa4 method=com.android.dx.ssa.SCCP.setLatticeValueTo(IILcom/android/dx/rop/cst/Constant;)Z @ 43
Event: 39.171 Thread 0x00007f90520f2000 Uncommon trap: reason=class_check action=maybe_recompile pc=0x0000000106134aa4 method=com.android.dx.ssa.SCCP.setLatticeValueTo(IILcom/android/dx/rop/cst/Constant;)Z @ 43
Event: 39.171 Thread 0x00007f90520f2000 Uncommon trap: reason=class_check action=maybe_recompile pc=0x0000000106134aa4 method=com.android.dx.ssa.SCCP.setLatticeValueTo(IILcom/android/dx/rop/cst/Constant;)Z @ 43
Event: 39.171 Thread 0x00007f90520f2000 Uncommon trap: reason=class_check action=maybe_recompile pc=0x0000000106134aa4 method=com.android.dx.ssa.SCCP.setLatticeValueTo(IILcom/android/dx/rop/cst/Constant;)Z @ 43

Internal exceptions (5 events):
Event: 0.265 Thread 0x00007f9053002800 Exception <a 'java/lang/NoSuchMethodError': Method sun.misc.Unsafe.defineClass(Ljava/lang/String;[BII)Ljava/lang/Class; name or signature does not match> (0x00000007aab07cc0) thrown at [/Users/java_re/workspace/8-2-build-macosx-x86_64/jdk8u92/6642/hotspot
Event: 0.266 Thread 0x00007f9053002800 Exception <a 'java/lang/NoSuchMethodError': Method sun.misc.Unsafe.prefetchRead(Ljava/lang/Object;J)V name or signature does not match> (0x00000007aab07fa8) thrown at [/Users/java_re/workspace/8-2-build-macosx-x86_64/jdk8u92/6642/hotspot/src/share/vm/prim
Event: 18.107 Thread 0x00007f90528ae800 Exception <a 'java/lang/ArrayIndexOutOfBoundsException': 18> (0x00000007ab32d4b0) thrown at [/Users/java_re/workspace/8-2-build-macosx-x86_64/jdk8u92/6642/hotspot/src/share/vm/interpreter/interpreterRuntime.cpp, line 366]
Event: 18.108 Thread 0x00007f90528ae800 Exception <a 'java/lang/ArrayIndexOutOfBoundsException': 145> (0x00000007ab32f030) thrown at [/Users/java_re/workspace/8-2-build-macosx-x86_64/jdk8u92/6642/hotspot/src/share/vm/interpreter/interpreterRuntime.cpp, line 366]
Event: 18.110 Thread 0x00007f90528ae800 Exception <a 'java/lang/ArrayIndexOutOfBoundsException': 40> (0x00000007ab330318) thrown at [/Users/java_re/workspace/8-2-build-macosx-x86_64/jdk8u92/6642/hotspot/src/share/vm/interpreter/interpreterRuntime.cpp, line 366]

Events (10 events):
Event: 46.008 Thread 0x00007f905206f800 DEOPT PACKING pc=0x0000000105d11271 sp=0x000000011ba26f20
Event: 46.008 Thread 0x00007f905206f800 DEOPT UNPACKING pc=0x0000000105a47633 sp=0x000000011ba26c58 mode 0
Event: 46.010 Thread 0x00007f905206f800 DEOPT PACKING pc=0x0000000105d11271 sp=0x000000011ba26f20
Event: 46.010 Thread 0x00007f905206f800 DEOPT UNPACKING pc=0x0000000105a47633 sp=0x000000011ba26c58 mode 0
Event: 46.023 Thread 0x00007f905206f800 DEOPT PACKING pc=0x0000000105d11271 sp=0x000000011ba26f20
Event: 46.023 Thread 0x00007f905206f800 DEOPT UNPACKING pc=0x0000000105a47633 sp=0x000000011ba26c58 mode 0
Event: 46.025 Thread 0x00007f905206f800 DEOPT PACKING pc=0x0000000105d11271 sp=0x000000011ba26f20
Event: 46.025 Thread 0x00007f905206f800 DEOPT UNPACKING pc=0x0000000105a47633 sp=0x000000011ba26c58 mode 0
Event: 46.029 Thread 0x00007f905206f800 DEOPT PACKING pc=0x0000000105d11271 sp=0x000000011ba26f20
Event: 46.029 Thread 0x00007f905206f800 DEOPT UNPACKING pc=0x0000000105a47633 sp=0x000000011ba26c58 mode 0


Dynamic libraries:
0x00000000062d3000 	/System/Library/Frameworks/Cocoa.framework/Versions/A/Cocoa
0x00000000062d3000 	/System/Library/Frameworks/Security.framework/Versions/A/Security
0x00000000062d3000 	/System/Library/Frameworks/ApplicationServices.framework/Versions/A/ApplicationServices
0x00000000062d3000 	/usr/lib/libz.1.dylib
0x00000000062d3000 	/usr/lib/libSystem.B.dylib
0x00000000062d3000 	/usr/lib/libobjc.A.dylib
0x00000000062d3000 	/System/Library/Frameworks/CoreFoundation.framework/Versions/A/CoreFoundation
0x00000000062d3000 	/System/Library/Frameworks/Foundation.framework/Versions/C/Foundation
0x00000000062d3000 	/System/Library/Frameworks/AppKit.framework/Versions/C/AppKit
0x00000000062d3000 	/System/Library/Frameworks/CoreData.framework/Versions/A/CoreData
0x00000000062d3000 	/System/Library/PrivateFrameworks/RemoteViewServices.framework/Versions/A/RemoteViewServices
0x00000000062d3000 	/System/Library/PrivateFrameworks/UIFoundation.framework/Versions/A/UIFoundation
0x00000000062d3000 	/System/Library/Frameworks/IOSurface.framework/Versions/A/IOSurface
0x00000000062d3000 	/System/Library/Frameworks/AudioToolbox.framework/Versions/A/AudioToolbox
0x00000000062d3000 	/System/Library/Frameworks/AudioUnit.framework/Versions/A/AudioUnit
0x00000000062d3000 	/System/Library/PrivateFrameworks/DataDetectorsCore.framework/Versions/A/DataDetectorsCore
0x00000000062d3000 	/System/Library/PrivateFrameworks/DesktopServicesPriv.framework/Versions/A/DesktopServicesPriv
0x00000000062d3000 	/System/Library/Frameworks/Carbon.framework/Versions/A/Frameworks/HIToolbox.framework/Versions/A/HIToolbox
0x00000000062d3000 	/System/Library/Frameworks/QuartzCore.framework/Versions/A/QuartzCore
0x00000000062d3000 	/System/Library/Frameworks/Carbon.framework/Versions/A/Frameworks/SpeechRecognition.framework/Versions/A/SpeechRecognition
0x00000000062d3000 	/usr/lib/libauto.dylib
0x00000000062d3000 	/usr/lib/libicucore.A.dylib
0x00000000062d3000 	/usr/lib/libxml2.2.dylib
0x00000000062d3000 	/System/Library/PrivateFrameworks/CoreUI.framework/Versions/A/CoreUI
0x00000000062d3000 	/System/Library/Frameworks/CoreAudio.framework/Versions/A/CoreAudio
0x00000000062d3000 	/System/Library/Frameworks/DiskArbitration.framework/Versions/A/DiskArbitration
0x00000000062d3000 	/usr/lib/liblangid.dylib
0x00000000062d3000 	/System/Library/PrivateFrameworks/MultitouchSupport.framework/Versions/A/MultitouchSupport
0x00000000062d3000 	/System/Library/Frameworks/IOKit.framework/Versions/A/IOKit
0x00000000062d3000 	/usr/lib/libDiagnosticMessagesClient.dylib
0x00000000062d3000 	/System/Library/Frameworks/CoreServices.framework/Versions/A/CoreServices
0x00000000062d3000 	/System/Library/PrivateFrameworks/PerformanceAnalysis.framework/Versions/A/PerformanceAnalysis
0x00000000062d3000 	/System/Library/PrivateFrameworks/GenerationalStorage.framework/Versions/A/GenerationalStorage
0x00000000062d3000 	/System/Library/Frameworks/OpenGL.framework/Versions/A/OpenGL
0x00000000062d3000 	/System/Library/PrivateFrameworks/Sharing.framework/Versions/A/Sharing
0x00000000062d3000 	/System/Library/Frameworks/CoreGraphics.framework/Versions/A/CoreGraphics
0x00000000062d3000 	/System/Library/Frameworks/CoreText.framework/Versions/A/CoreText
0x00000000062d3000 	/System/Library/Frameworks/ImageIO.framework/Versions/A/ImageIO
0x00000000062d3000 	/usr/lib/libextension.dylib
0x00000000062d3000 	/System/Library/PrivateFrameworks/Backup.framework/Versions/A/Backup
0x00000000062d3000 	/usr/lib/libarchive.2.dylib
0x00000000062d3000 	/System/Library/Frameworks/CFNetwork.framework/Versions/A/CFNetwork
0x00000000062d3000 	/System/Library/Frameworks/SystemConfiguration.framework/Versions/A/SystemConfiguration
0x00000000062d3000 	/usr/lib/libCRFSuite.dylib
0x00000000062d3000 	/usr/lib/libc++.1.dylib
0x00000000062d3000 	/usr/lib/libc++abi.dylib
0x00000000062d3000 	/usr/lib/system/libcache.dylib
0x00000000062d3000 	/usr/lib/system/libcommonCrypto.dylib
0x00000000062d3000 	/usr/lib/system/libcompiler_rt.dylib
0x00000000062d3000 	/usr/lib/system/libcopyfile.dylib
0x00000000062d3000 	/usr/lib/system/libcorecrypto.dylib
0x00000000062d3000 	/usr/lib/system/libdispatch.dylib
0x00000000062d3000 	/usr/lib/system/libdyld.dylib
0x00000000062d3000 	/usr/lib/system/libkeymgr.dylib
0x00000000062d3000 	/usr/lib/system/liblaunch.dylib
0x00000000062d3000 	/usr/lib/system/libmacho.dylib
0x00000000062d3000 	/usr/lib/system/libquarantine.dylib
0x00000000062d3000 	/usr/lib/system/libremovefile.dylib
0x00000000062d3000 	/usr/lib/system/libsystem_asl.dylib
0x00000000062d3000 	/usr/lib/system/libsystem_blocks.dylib
0x00000000062d3000 	/usr/lib/system/libsystem_c.dylib
0x00000000062d3000 	/usr/lib/system/libsystem_configuration.dylib
0x00000000062d3000 	/usr/lib/system/libsystem_coreservices.dylib
0x00000000062d3000 	/usr/lib/system/libsystem_coretls.dylib
0x00000000062d3000 	/usr/lib/system/libsystem_dnssd.dylib
0x00000000062d3000 	/usr/lib/system/libsystem_info.dylib
0x00000000062d3000 	/usr/lib/system/libsystem_kernel.dylib
0x00000000062d3000 	/usr/lib/system/libsystem_m.dylib
0x00000000062d3000 	/usr/lib/system/libsystem_malloc.dylib
0x00000000062d3000 	/usr/lib/system/libsystem_network.dylib
0x00000000062d3000 	/usr/lib/system/libsystem_networkextension.dylib
0x00000000062d3000 	/usr/lib/system/libsystem_notify.dylib
0x00000000062d3000 	/usr/lib/system/libsystem_platform.dylib
0x00000000062d3000 	/usr/lib/system/libsystem_pthread.dylib
0x00000000062d3000 	/usr/lib/system/libsystem_sandbox.dylib
0x00000000062d3000 	/usr/lib/system/libsystem_secinit.dylib
0x00000000062d3000 	/usr/lib/system/libsystem_stats.dylib
0x00000000062d3000 	/usr/lib/system/libsystem_trace.dylib
0x00000000062d3000 	/usr/lib/system/libunc.dylib
0x00000000062d3000 	/usr/lib/system/libunwind.dylib
0x00000000062d3000 	/usr/lib/system/libxpc.dylib
0x00000000062d3000 	/usr/lib/libbz2.1.0.dylib
0x00000000062d3000 	/usr/lib/liblzma.5.dylib
0x00000000062d3000 	/usr/lib/libbsm.0.dylib
0x00000000062d3000 	/usr/lib/libsqlite3.dylib
0x00000000062d3000 	/usr/lib/system/libkxld.dylib
0x00000000062d3000 	/usr/lib/libxar.1.dylib
0x00000000062d3000 	/usr/lib/libpam.2.dylib
0x00000000062d3000 	/usr/lib/libOpenScriptingUtil.dylib
0x00000000062d3000 	/System/Library/Frameworks/CoreServices.framework/Versions/A/Frameworks/FSEvents.framework/Versions/A/FSEvents
0x00000000062d3000 	/System/Library/Frameworks/CoreServices.framework/Versions/A/Frameworks/CarbonCore.framework/Versions/A/CarbonCore
0x00000000062d3000 	/System/Library/Frameworks/CoreServices.framework/Versions/A/Frameworks/Metadata.framework/Versions/A/Metadata
0x00000000062d3000 	/System/Library/Frameworks/CoreServices.framework/Versions/A/Frameworks/OSServices.framework/Versions/A/OSServices
0x00000000062d3000 	/System/Library/Frameworks/CoreServices.framework/Versions/A/Frameworks/SearchKit.framework/Versions/A/SearchKit
0x00000000062d3000 	/System/Library/Frameworks/CoreServices.framework/Versions/A/Frameworks/AE.framework/Versions/A/AE
0x00000000062d3000 	/System/Library/Frameworks/CoreServices.framework/Versions/A/Frameworks/LaunchServices.framework/Versions/A/LaunchServices
0x00000000062d3000 	/System/Library/Frameworks/CoreServices.framework/Versions/A/Frameworks/DictionaryServices.framework/Versions/A/DictionaryServices
0x00000000062d3000 	/System/Library/Frameworks/NetFS.framework/Versions/A/NetFS
0x00000000062d3000 	/System/Library/PrivateFrameworks/NetAuth.framework/Versions/A/NetAuth
0x00000000062d3000 	/System/Library/PrivateFrameworks/login.framework/Versions/A/Frameworks/loginsupport.framework/Versions/A/loginsupport
0x00000000062d3000 	/System/Library/PrivateFrameworks/TCC.framework/Versions/A/TCC
0x00000000062d3000 	/usr/lib/libmecabra.dylib
0x00000000062d3000 	/System/Library/Frameworks/ApplicationServices.framework/Versions/A/Frameworks/ATS.framework/Versions/A/ATS
0x00000000062d3000 	/System/Library/Frameworks/ApplicationServices.framework/Versions/A/Frameworks/ColorSync.framework/Versions/A/ColorSync
0x00000000062d3000 	/System/Library/Frameworks/ApplicationServices.framework/Versions/A/Frameworks/HIServices.framework/Versions/A/HIServices
0x00000000062d3000 	/System/Library/Frameworks/ApplicationServices.framework/Versions/A/Frameworks/LangAnalysis.framework/Versions/A/LangAnalysis
0x00000000062d3000 	/System/Library/Frameworks/ApplicationServices.framework/Versions/A/Frameworks/PrintCore.framework/Versions/A/PrintCore
0x00000000062d3000 	/System/Library/Frameworks/ApplicationServices.framework/Versions/A/Frameworks/QD.framework/Versions/A/QD
0x00000000062d3000 	/System/Library/Frameworks/ApplicationServices.framework/Versions/A/Frameworks/SpeechSynthesis.framework/Versions/A/SpeechSynthesis
0x00000000062d3000 	/System/Library/Frameworks/Accelerate.framework/Versions/A/Accelerate
0x00000000062d3000 	/System/Library/Frameworks/Accelerate.framework/Versions/A/Frameworks/vImage.framework/Versions/A/vImage
0x00000000062d3000 	/System/Library/Frameworks/Accelerate.framework/Versions/A/Frameworks/vecLib.framework/Versions/A/vecLib
0x00000000062d3000 	/System/Library/Frameworks/Accelerate.framework/Versions/A/Frameworks/vecLib.framework/Versions/A/libvDSP.dylib
0x00000000062d3000 	/System/Library/Frameworks/Accelerate.framework/Versions/A/Frameworks/vecLib.framework/Versions/A/libvMisc.dylib
0x00000000062d3000 	/System/Library/Frameworks/Accelerate.framework/Versions/A/Frameworks/vecLib.framework/Versions/A/libLAPACK.dylib
0x00000000062d3000 	/System/Library/Frameworks/Accelerate.framework/Versions/A/Frameworks/vecLib.framework/Versions/A/libBLAS.dylib
0x00000000062d3000 	/System/Library/Frameworks/Accelerate.framework/Versions/A/Frameworks/vecLib.framework/Versions/A/libLinearAlgebra.dylib
0x00000000062d3000 	/System/Library/Frameworks/ApplicationServices.framework/Versions/A/Frameworks/ATS.framework/Versions/A/Resources/libFontParser.dylib
0x00000000062d3000 	/System/Library/Frameworks/ApplicationServices.framework/Versions/A/Frameworks/ATS.framework/Versions/A/Resources/libFontRegistry.dylib
0x00000000062d3000 	/System/Library/PrivateFrameworks/AppleVPA.framework/Versions/A/AppleVPA
0x00000000062d3000 	/System/Library/PrivateFrameworks/AppleJPEG.framework/Versions/A/AppleJPEG
0x00000000062d3000 	/System/Library/Frameworks/ImageIO.framework/Versions/A/Resources/libJPEG.dylib
0x00000000062d3000 	/System/Library/Frameworks/ImageIO.framework/Versions/A/Resources/libTIFF.dylib
0x00000000062d3000 	/System/Library/Frameworks/ImageIO.framework/Versions/A/Resources/libPng.dylib
0x00000000062d3000 	/System/Library/Frameworks/ImageIO.framework/Versions/A/Resources/libGIF.dylib
0x00000000062d3000 	/System/Library/Frameworks/ImageIO.framework/Versions/A/Resources/libJP2.dylib
0x00000000062d3000 	/System/Library/Frameworks/ImageIO.framework/Versions/A/Resources/libRadiance.dylib
0x00000000062d3000 	/System/Library/Frameworks/CoreVideo.framework/Versions/A/CoreVideo
0x00000000062d3000 	/System/Library/Frameworks/OpenGL.framework/Versions/A/Libraries/libGLU.dylib
0x00000000062d3000 	/System/Library/Frameworks/OpenGL.framework/Versions/A/Libraries/libGFXShared.dylib
0x00000000062d3000 	/System/Library/Frameworks/OpenGL.framework/Versions/A/Libraries/libGL.dylib
0x00000000062d3000 	/System/Library/Frameworks/OpenGL.framework/Versions/A/Libraries/libGLImage.dylib
0x00000000062d3000 	/System/Library/Frameworks/OpenGL.framework/Versions/A/Libraries/libCVMSPluginSupport.dylib
0x00000000062d3000 	/System/Library/Frameworks/OpenGL.framework/Versions/A/Libraries/libCoreVMClient.dylib
0x00000000062d3000 	/usr/lib/libcups.2.dylib
0x00000000062d3000 	/System/Library/Frameworks/Kerberos.framework/Versions/A/Kerberos
0x00000000062d3000 	/System/Library/Frameworks/GSS.framework/Versions/A/GSS
0x00000000062d3000 	/usr/lib/libresolv.9.dylib
0x00000000062d3000 	/usr/lib/libiconv.2.dylib
0x00000000062d3000 	/System/Library/PrivateFrameworks/Heimdal.framework/Versions/A/Heimdal
0x00000000062d3000 	/usr/lib/libheimdal-asn1.dylib
0x00000000062d3000 	/System/Library/Frameworks/OpenDirectory.framework/Versions/A/OpenDirectory
0x00000000062d3000 	/System/Library/PrivateFrameworks/CommonAuth.framework/Versions/A/CommonAuth
0x00000000062d3000 	/System/Library/Frameworks/OpenDirectory.framework/Versions/A/Frameworks/CFOpenDirectory.framework/Versions/A/CFOpenDirectory
0x00000000062d3000 	/System/Library/Frameworks/SecurityFoundation.framework/Versions/A/SecurityFoundation
0x00000000062d3000 	/System/Library/PrivateFrameworks/LanguageModeling.framework/Versions/A/LanguageModeling
0x00000000062d3000 	/usr/lib/libcmph.dylib
0x00000000062d3000 	/System/Library/Frameworks/ServiceManagement.framework/Versions/A/ServiceManagement
0x00000000062d3000 	/usr/lib/libxslt.1.dylib
0x00000000062d3000 	/System/Library/Frameworks/Carbon.framework/Versions/A/Frameworks/Ink.framework/Versions/A/Ink
0x00000000062d3000 	/System/Library/Frameworks/QuartzCore.framework/Versions/A/Frameworks/CoreImage.framework/Versions/A/CoreImage
0x00000000062d3000 	/System/Library/PrivateFrameworks/CrashReporterSupport.framework/Versions/A/CrashReporterSupport
0x00000000062d3000 	/System/Library/Frameworks/OpenCL.framework/Versions/A/OpenCL
0x00000000062d3000 	/System/Library/PrivateFrameworks/FaceCore.framework/Versions/A/FaceCore
0x00000000062d3000 	/System/Library/PrivateFrameworks/Ubiquity.framework/Versions/A/Ubiquity
0x00000000062d3000 	/System/Library/PrivateFrameworks/IconServices.framework/Versions/A/IconServices
0x00000000062d3000 	/System/Library/PrivateFrameworks/ChunkingLibrary.framework/Versions/A/ChunkingLibrary
0x00000000062d3000 	/System/Library/PrivateFrameworks/Apple80211.framework/Versions/A/Apple80211
0x00000000062d3000 	/System/Library/Frameworks/CoreWLAN.framework/Versions/A/CoreWLAN
0x00000000062d3000 	/System/Library/Frameworks/IOBluetooth.framework/Versions/A/IOBluetooth
0x00000000062d3000 	/System/Library/PrivateFrameworks/CoreWiFi.framework/Versions/A/CoreWiFi
0x00000000062d3000 	/System/Library/Frameworks/CoreBluetooth.framework/Versions/A/CoreBluetooth
0x00000000062d3000 	/System/Library/PrivateFrameworks/DebugSymbols.framework/Versions/A/DebugSymbols
0x00000000062d3000 	/System/Library/PrivateFrameworks/CoreSymbolication.framework/Versions/A/CoreSymbolication
0x00000000062d3000 	/System/Library/PrivateFrameworks/Symbolication.framework/Versions/A/Symbolication
0x00000000062d3000 	/System/Library/PrivateFrameworks/SpeechRecognitionCore.framework/Versions/A/SpeechRecognitionCore
0x00000001040d9000 	/Library/Java/JavaVirtualMachines/jdk1.8.0_92.jdk/Contents/Home/jre/lib/server/libjvm.dylib
0x00000000062d3000 	/usr/lib/libstdc++.6.dylib
0x000000010518a000 	/Library/Java/JavaVirtualMachines/jdk1.8.0_92.jdk/Contents/Home/jre/lib/libverify.dylib
0x0000000105198000 	/Library/Java/JavaVirtualMachines/jdk1.8.0_92.jdk/Contents/Home/jre/lib/libjava.dylib
0x00000001051d7000 	/Library/Java/JavaVirtualMachines/jdk1.8.0_92.jdk/Contents/Home/jre/lib/libzip.dylib
0x00000001194fa000 	/System/Library/Frameworks/JavaVM.framework/Frameworks/JavaRuntimeSupport.framework/JavaRuntimeSupport
0x0000000119510000 	/System/Library/Frameworks/JavaVM.framework/Versions/A/Frameworks/JavaNativeFoundation.framework/Versions/A/JavaNativeFoundation
0x0000000119524000 	/System/Library/Frameworks/JavaVM.framework/Versions/A/JavaVM
0x00000000062d3000 	/System/Library/Frameworks/Carbon.framework/Versions/A/Carbon
0x00000001051f5000 	/System/Library/PrivateFrameworks/JavaLaunching.framework/Versions/A/JavaLaunching
0x00000000062d3000 	/System/Library/Frameworks/Carbon.framework/Versions/A/Frameworks/CommonPanels.framework/Versions/A/CommonPanels
0x00000000062d3000 	/System/Library/Frameworks/Carbon.framework/Versions/A/Frameworks/Help.framework/Versions/A/Help
0x00000000062d3000 	/System/Library/Frameworks/Carbon.framework/Versions/A/Frameworks/ImageCapture.framework/Versions/A/ImageCapture
0x00000000062d3000 	/System/Library/Frameworks/Carbon.framework/Versions/A/Frameworks/OpenScripting.framework/Versions/A/OpenScripting
0x00000000062d3000 	/System/Library/Frameworks/Carbon.framework/Versions/A/Frameworks/Print.framework/Versions/A/Print
0x00000000062d3000 	/System/Library/Frameworks/Carbon.framework/Versions/A/Frameworks/SecurityHI.framework/Versions/A/SecurityHI

VM Arguments:
jvm_args: -Djava.awt.headless=true -Xmx1024M -Dfile.encoding=UTF-8 -Duser.country=US -Duser.language=en -Duser.variant 
java_command: com.android.dx.command.Main --dex --force-jumbo --num-threads=4 --output /Users/apple/Downloads/MPOS/app/build/intermediates/pre-dexed/debug/wisepadapi-android-2.7.0_0ea4f03b2abb01148f1ced7386b1ecbdb1ed2aac.jar /Users/apple/Downloads/MPOS/app/build/intermediates/exploded-aar/io.payworks/mpos.android.accessories.bbpos/2.8.1-BBPOS-BETA/jars/libs/wisepadapi-android-2.7.0.jar
java_class_path (initial): /Users/apple/Library/Android/sdk/build-tools/23.0.2/lib/dx.jar
Launcher Type: SUN_STANDARD

Environment Variables:
PATH=/usr/bin:/bin:/usr/sbin:/sbin
SHELL=/bin/bash

Signal Handlers:
SIGSEGV: [libjvm.dylib+0x5aa779], sa_mask[0]=11111111011111110111111111111111, sa_flags=SA_ONSTACK|SA_RESTART|SA_SIGINFO
SIGBUS: [libjvm.dylib+0x5aa779], sa_mask[0]=11111111011111110111111111111111, sa_flags=SA_RESTART|SA_SIGINFO
SIGFPE: [libjvm.dylib+0x4831d0], sa_mask[0]=11111111011111110111111111111111, sa_flags=SA_RESTART|SA_SIGINFO
SIGPIPE: [libjvm.dylib+0x4831d0], sa_mask[0]=11111111011111110111111111111111, sa_flags=SA_RESTART|SA_SIGINFO
SIGXFSZ: [libjvm.dylib+0x4831d0], sa_mask[0]=11111111011111110111111111111111, sa_flags=SA_RESTART|SA_SIGINFO
SIGILL: [libjvm.dylib+0x4831d0], sa_mask[0]=11111111011111110111111111111111, sa_flags=SA_RESTART|SA_SIGINFO
SIGUSR1: SIG_DFL, sa_mask[0]=00000000000000000000000000000000, sa_flags=none
SIGUSR2: [libjvm.dylib+0x482cee], sa_mask[0]=00100000000000000000000000000000, sa_flags=SA_RESTART|SA_SIGINFO
SIGHUP: [libjvm.dylib+0x4812c5], sa_mask[0]=11111111011111110111111111111111, sa_flags=SA_RESTART|SA_SIGINFO
SIGINT: [libjvm.dylib+0x4812c5], sa_mask[0]=11111111011111110111111111111111, sa_flags=SA_RESTART|SA_SIGINFO
SIGTERM: [libjvm.dylib+0x4812c5], sa_mask[0]=11111111011111110111111111111111, sa_flags=SA_RESTART|SA_SIGINFO
SIGQUIT: [libjvm.dylib+0x4812c5], sa_mask[0]=11111111011111110111111111111111, sa_flags=SA_RESTART|SA_SIGINFO


---------------  S Y S T E M  ---------------

OS:Bsduname:Darwin 14.5.0 Darwin Kernel Version 14.5.0: Tue Sep  1 21:23:09 PDT 2015; root:xnu-2782.50.1~1/RELEASE_X86_64 x86_64
rlimit: STACK 8192k, CORE 0k, NPROC 709, NOFILE 10240, AS infinity
load average:69.18 26.33 12.45

CPU:total 4 (2 cores per cpu, 2 threads per core) family 6 model 61 stepping 4, cmov, cx8, fxsr, mmx, sse, sse2, sse3, ssse3, sse4.1, sse4.2, popcnt, avx, avx2, aes, clmul, erms, 3dnowpref, lzcnt, ht, tsc, tscinvbit, bmi1, bmi2, adx

Memory: 4k page, physical 8388608k(42324k free)

/proc/meminfo:


vm_info: Java HotSpot(TM) 64-Bit Server VM (25.92-b14) for bsd-amd64 JRE (1.8.0_92-b14), built on Mar 31 2016 21:23:14 by "java_re" with gcc 4.2.1 (Based on Apple Inc. build 5658) (LLVM build 2336.11.00)

time: Mon Jun 27 00:21:10 2016
elapsed time: 46 seconds (0d 0h 0m 46s)

